import java.util.*;
import org.objectweb.asm.*;
public class TempDump implements Opcodes {

public static byte[] dump () throws Exception {

ClassWriter cw = new ClassWriter(0);
FieldVisitor fv;
MethodVisitor mv;
AnnotationVisitor av0;

cw.visit(52, ACC_PUBLIC + ACC_SUPER, "Temp", null, "java/lang/Object", null);

{
mv = cw.visitMethod(ACC_PUBLIC, "<init>", "()V", null, null);
mv.visitCode();
mv.visitVarInsn(ALOAD, 0);
mv.visitMethodInsn(INVOKESPECIAL, "java/lang/Object", "<init>", "()V", false);
mv.visitInsn(RETURN);
mv.visitMaxs(1, 1);
mv.visitEnd();
}
{
mv = cw.visitMethod(ACC_PUBLIC, "m", "()V", null, null);
mv.visitCode();
mv.visitLdcInsn("");
mv.visitVarInsn(ASTORE, 1);
mv.visitInsn(ACONST_NULL);
mv.visitVarInsn(ASTORE, 2);
mv.visitInsn(ICONST_0);
mv.visitVarInsn(ISTORE, 3);
mv.visitInsn(ICONST_0);
mv.visitVarInsn(ISTORE, 4);
mv.visitVarInsn(ALOAD, 0);
mv.visitVarInsn(ALOAD, 1);
mv.visitVarInsn(ALOAD, 2);
mv.visitVarInsn(ILOAD, 3);
mv.visitMethodInsn(INVOKEVIRTUAL, "Temp", "m1", "(Ljava/lang/String;Ljava/lang/Object;I)V", false);
mv.visitVarInsn(ILOAD, 3);
mv.visitVarInsn(ILOAD, 4);
mv.visitInsn(IADD);
mv.visitVarInsn(ISTORE, 5);
mv.visitInsn(RETURN);
mv.visitMaxs(4, 6);
mv.visitEnd();
}
{
mv = cw.visitMethod(ACC_PUBLIC, "m1", "(Ljava/lang/String;Ljava/lang/Object;I)V", null, null);
mv.visitCode();
mv.visitInsn(RETURN);
mv.visitMaxs(0, 4);
mv.visitEnd();
}
cw.visitEnd();

return cw.toByteArray();
}
}
